mode: set
github.com/aws-payment-gateway/internal/auth/tests/utils/test_helpers.go:16.48,20.2 3 0
github.com/aws-payment-gateway/internal/auth/tests/utils/test_helpers.go:23.46,25.2 1 0
github.com/aws-payment-gateway/internal/auth/tests/utils/test_helpers.go:28.44,30.2 1 0
github.com/aws-payment-gateway/internal/auth/tests/utils/test_helpers.go:33.63,35.2 1 0
github.com/aws-payment-gateway/internal/auth/tests/utils/test_helpers.go:38.53,40.2 1 0
github.com/aws-payment-gateway/internal/auth/tests/utils/test_helpers.go:43.50,45.2 1 0
github.com/aws-payment-gateway/internal/auth/tests/utils/test_helpers.go:48.54,58.2 2 0
github.com/aws-payment-gateway/internal/auth/tests/utils/test_helpers.go:61.73,74.2 2 0
github.com/aws-payment-gateway/internal/auth/tests/utils/test_helpers.go:77.80,90.2 2 0
github.com/aws-payment-gateway/internal/auth/tests/utils/test_helpers.go:93.81,106.2 2 0
github.com/aws-payment-gateway/internal/auth/tests/utils/test_helpers.go:109.34,111.2 1 0
github.com/aws-payment-gateway/internal/auth/tests/utils/test_helpers.go:114.38,116.2 1 0
github.com/aws-payment-gateway/internal/auth/tests/utils/test_helpers.go:119.74,127.2 6 0
github.com/aws-payment-gateway/internal/auth/tests/utils/test_helpers.go:130.72,141.2 9 0
github.com/aws-payment-gateway/internal/auth/tests/utils/test_helpers.go:148.120,150.2 1 0
github.com/aws-payment-gateway/internal/auth/tests/utils/test_helpers.go:152.113,156.2 1 0
github.com/aws-payment-gateway/internal/auth/tests/utils/test_helpers.go:158.120,162.2 1 0
github.com/aws-payment-gateway/internal/auth/tests/utils/test_helpers.go:167.55,167.72 1 0
github.com/aws-payment-gateway/internal/auth/tests/utils/test_helpers.go:168.55,168.72 1 0
github.com/aws-payment-gateway/internal/auth/tests/utils/test_helpers.go:173.54,175.2 1 0
github.com/aws-payment-gateway/internal/auth/tests/utils/test_helpers.go:180.55,180.69 1 0
github.com/aws-payment-gateway/internal/auth/tests/utils/test_helpers.go:181.55,181.81 1 0
github.com/aws-payment-gateway/internal/auth/tests/utils/test_helpers.go:182.55,182.71 1 0
github.com/aws-payment-gateway/internal/auth/tests/utils/test_helpers.go:183.55,183.69 1 0
github.com/aws-payment-gateway/internal/auth/tests/utils/test_helpers.go:184.55,184.69 1 0
github.com/aws-payment-gateway/internal/auth/tests/mocks/mock_apikey_repository.go:29.54,35.2 1 0
github.com/aws-payment-gateway/internal/auth/tests/mocks/mock_apikey_repository.go:38.89,39.26 1 0
github.com/aws-payment-gateway/internal/auth/tests/mocks/mock_apikey_repository.go:39.26,41.3 1 0
github.com/aws-payment-gateway/internal/auth/tests/mocks/mock_apikey_repository.go:43.2,46.60 3 0
github.com/aws-payment-gateway/internal/auth/tests/mocks/mock_apikey_repository.go:46.60,48.3 1 0
github.com/aws-payment-gateway/internal/auth/tests/mocks/mock_apikey_repository.go:49.2,51.12 2 0
github.com/aws-payment-gateway/internal/auth/tests/mocks/mock_apikey_repository.go:55.99,56.23 1 0
github.com/aws-payment-gateway/internal/auth/tests/mocks/mock_apikey_repository.go:56.23,58.3 1 0
github.com/aws-payment-gateway/internal/auth/tests/mocks/mock_apikey_repository.go:60.2,61.13 2 0
github.com/aws-payment-gateway/internal/auth/tests/mocks/mock_apikey_repository.go:61.13,63.3 1 0
github.com/aws-payment-gateway/internal/auth/tests/mocks/mock_apikey_repository.go:64.2,64.20 1 0
github.com/aws-payment-gateway/internal/auth/tests/mocks/mock_apikey_repository.go:68.106,69.23 1 0
github.com/aws-payment-gateway/internal/auth/tests/mocks/mock_apikey_repository.go:69.23,71.3 1 0
github.com/aws-payment-gateway/internal/auth/tests/mocks/mock_apikey_repository.go:73.2,74.13 2 0
github.com/aws-payment-gateway/internal/auth/tests/mocks/mock_apikey_repository.go:74.13,76.3 1 0
github.com/aws-payment-gateway/internal/auth/tests/mocks/mock_apikey_repository.go:77.2,77.20 1 0
github.com/aws-payment-gateway/internal/auth/tests/mocks/mock_apikey_repository.go:81.115,82.23 1 0
github.com/aws-payment-gateway/internal/auth/tests/mocks/mock_apikey_repository.go:82.23,84.3 1 0
github.com/aws-payment-gateway/internal/auth/tests/mocks/mock_apikey_repository.go:86.2,87.13 2 0
github.com/aws-payment-gateway/internal/auth/tests/mocks/mock_apikey_repository.go:87.13,89.3 1 0
github.com/aws-payment-gateway/internal/auth/tests/mocks/mock_apikey_repository.go:90.2,90.21 1 0
github.com/aws-payment-gateway/internal/auth/tests/mocks/mock_apikey_repository.go:94.106,95.28 1 0
github.com/aws-payment-gateway/internal/auth/tests/mocks/mock_apikey_repository.go:95.28,97.3 1 0
github.com/aws-payment-gateway/internal/auth/tests/mocks/mock_apikey_repository.go:101.2,101.55 1 0
github.com/aws-payment-gateway/internal/auth/tests/mocks/mock_apikey_repository.go:101.55,104.49 2 0
github.com/aws-payment-gateway/internal/auth/tests/mocks/mock_apikey_repository.go:104.49,105.47 1 0
github.com/aws-payment-gateway/internal/auth/tests/mocks/mock_apikey_repository.go:105.47,107.5 1 0
github.com/aws-payment-gateway/internal/auth/tests/mocks/mock_apikey_repository.go:112.2,117.13 4 0
github.com/aws-payment-gateway/internal/auth/tests/mocks/mock_apikey_repository.go:117.13,119.3 1 0
github.com/aws-payment-gateway/internal/auth/tests/mocks/mock_apikey_repository.go:120.2,120.20 1 0
github.com/aws-payment-gateway/internal/auth/tests/mocks/mock_apikey_repository.go:124.89,125.26 1 0
github.com/aws-payment-gateway/internal/auth/tests/mocks/mock_apikey_repository.go:125.26,127.3 1 0
github.com/aws-payment-gateway/internal/auth/tests/mocks/mock_apikey_repository.go:129.2,129.48 1 0
github.com/aws-payment-gateway/internal/auth/tests/mocks/mock_apikey_repository.go:129.48,131.3 1 0
github.com/aws-payment-gateway/internal/auth/tests/mocks/mock_apikey_repository.go:133.2,137.63 3 0
github.com/aws-payment-gateway/internal/auth/tests/mocks/mock_apikey_repository.go:137.63,138.34 1 0
github.com/aws-payment-gateway/internal/auth/tests/mocks/mock_apikey_repository.go:138.34,140.9 2 0
github.com/aws-payment-gateway/internal/auth/tests/mocks/mock_apikey_repository.go:144.2,144.12 1 0
github.com/aws-payment-gateway/internal/auth/tests/mocks/mock_apikey_repository.go:148.80,149.26 1 0
github.com/aws-payment-gateway/internal/auth/tests/mocks/mock_apikey_repository.go:149.26,151.3 1 0
github.com/aws-payment-gateway/internal/auth/tests/mocks/mock_apikey_repository.go:153.2,154.13 2 0
github.com/aws-payment-gateway/internal/auth/tests/mocks/mock_apikey_repository.go:154.13,156.3 1 0
github.com/aws-payment-gateway/internal/auth/tests/mocks/mock_apikey_repository.go:158.2,162.12 4 0
github.com/aws-payment-gateway/internal/auth/tests/mocks/mock_apikey_repository.go:166.80,167.26 1 0
github.com/aws-payment-gateway/internal/auth/tests/mocks/mock_apikey_repository.go:167.26,169.3 1 0
github.com/aws-payment-gateway/internal/auth/tests/mocks/mock_apikey_repository.go:171.2,172.13 2 0
github.com/aws-payment-gateway/internal/auth/tests/mocks/mock_apikey_repository.go:172.13,174.3 1 0
github.com/aws-payment-gateway/internal/auth/tests/mocks/mock_apikey_repository.go:176.2,180.12 4 0
github.com/aws-payment-gateway/internal/auth/tests/mocks/mock_apikey_repository.go:184.124,185.24 1 0
github.com/aws-payment-gateway/internal/auth/tests/mocks/mock_apikey_repository.go:185.24,187.3 1 0
github.com/aws-payment-gateway/internal/auth/tests/mocks/mock_apikey_repository.go:189.2,190.13 2 0
github.com/aws-payment-gateway/internal/auth/tests/mocks/mock_apikey_repository.go:190.13,192.3 1 0
github.com/aws-payment-gateway/internal/auth/tests/mocks/mock_apikey_repository.go:195.2,195.28 1 0
github.com/aws-payment-gateway/internal/auth/tests/mocks/mock_apikey_repository.go:195.28,197.3 1 0
github.com/aws-payment-gateway/internal/auth/tests/mocks/mock_apikey_repository.go:199.2,200.24 2 0
github.com/aws-payment-gateway/internal/auth/tests/mocks/mock_apikey_repository.go:200.24,202.3 1 0
github.com/aws-payment-gateway/internal/auth/tests/mocks/mock_apikey_repository.go:204.2,204.33 1 0
github.com/aws-payment-gateway/internal/auth/tests/mocks/mock_apikey_repository.go:210.58,212.2 1 0
github.com/aws-payment-gateway/internal/auth/tests/mocks/mock_apikey_repository.go:215.55,217.2 1 0
github.com/aws-payment-gateway/internal/auth/tests/mocks/mock_apikey_repository.go:220.58,222.2 1 0
github.com/aws-payment-gateway/internal/auth/tests/mocks/mock_apikey_repository.go:225.58,227.2 1 0
github.com/aws-payment-gateway/internal/auth/tests/mocks/mock_apikey_repository.go:230.58,232.2 1 0
github.com/aws-payment-gateway/internal/auth/tests/mocks/mock_apikey_repository.go:235.56,237.2 1 0
github.com/aws-payment-gateway/internal/auth/tests/mocks/mock_apikey_repository.go:240.60,242.2 1 0
github.com/aws-payment-gateway/internal/auth/tests/mocks/mock_apikey_repository.go:245.65,249.60 3 0
github.com/aws-payment-gateway/internal/auth/tests/mocks/mock_apikey_repository.go:249.60,251.3 1 0
github.com/aws-payment-gateway/internal/auth/tests/mocks/mock_apikey_repository.go:252.2,252.85 1 0
github.com/aws-payment-gateway/internal/auth/tests/mocks/mock_apikey_repository.go:256.40,267.2 10 0
github.com/aws-payment-gateway/internal/auth/tests/mocks/mock_apikey_repository.go:270.44,272.2 1 0
github.com/aws-payment-gateway/internal/auth/tests/mocks/mock_apikey_repository.go:275.74,276.58 1 0
github.com/aws-payment-gateway/internal/auth/tests/mocks/mock_apikey_repository.go:276.58,278.3 1 0
github.com/aws-payment-gateway/internal/auth/tests/mocks/mock_apikey_repository.go:279.2,279.10 1 0
github.com/aws-payment-gateway/internal/auth/tests/mocks/mock_app_repository.go:24.48,29.2 1 0
github.com/aws-payment-gateway/internal/auth/tests/mocks/mock_app_repository.go:32.88,33.26 1 0
github.com/aws-payment-gateway/internal/auth/tests/mocks/mock_app_repository.go:33.26,35.3 1 0
github.com/aws-payment-gateway/internal/auth/tests/mocks/mock_app_repository.go:37.2,39.12 3 0
github.com/aws-payment-gateway/internal/auth/tests/mocks/mock_app_repository.go:43.97,44.23 1 0
github.com/aws-payment-gateway/internal/auth/tests/mocks/mock_app_repository.go:44.23,46.3 1 0
github.com/aws-payment-gateway/internal/auth/tests/mocks/mock_app_repository.go:48.2,49.13 2 0
github.com/aws-payment-gateway/internal/auth/tests/mocks/mock_app_repository.go:49.13,51.3 1 0
github.com/aws-payment-gateway/internal/auth/tests/mocks/mock_app_repository.go:52.2,52.21 1 0
github.com/aws-payment-gateway/internal/auth/tests/mocks/mock_app_repository.go:56.98,57.23 1 0
github.com/aws-payment-gateway/internal/auth/tests/mocks/mock_app_repository.go:57.23,59.3 1 0
github.com/aws-payment-gateway/internal/auth/tests/mocks/mock_app_repository.go:61.2,62.13 2 0
github.com/aws-payment-gateway/internal/auth/tests/mocks/mock_app_repository.go:62.13,64.3 1 0
github.com/aws-payment-gateway/internal/auth/tests/mocks/mock_app_repository.go:65.2,65.21 1 0
github.com/aws-payment-gateway/internal/auth/tests/mocks/mock_app_repository.go:69.88,70.26 1 0
github.com/aws-payment-gateway/internal/auth/tests/mocks/mock_app_repository.go:70.26,72.3 1 0
github.com/aws-payment-gateway/internal/auth/tests/mocks/mock_app_repository.go:74.2,74.50 1 0
github.com/aws-payment-gateway/internal/auth/tests/mocks/mock_app_repository.go:74.50,76.3 1 0
github.com/aws-payment-gateway/internal/auth/tests/mocks/mock_app_repository.go:78.2,80.12 3 0
github.com/aws-payment-gateway/internal/auth/tests/mocks/mock_app_repository.go:84.77,85.26 1 0
github.com/aws-payment-gateway/internal/auth/tests/mocks/mock_app_repository.go:85.26,87.3 1 0
github.com/aws-payment-gateway/internal/auth/tests/mocks/mock_app_repository.go:89.2,90.13 2 0
github.com/aws-payment-gateway/internal/auth/tests/mocks/mock_app_repository.go:90.13,92.3 1 0
github.com/aws-payment-gateway/internal/auth/tests/mocks/mock_app_repository.go:94.2,96.12 3 0
github.com/aws-payment-gateway/internal/auth/tests/mocks/mock_app_repository.go:100.101,101.24 1 0
github.com/aws-payment-gateway/internal/auth/tests/mocks/mock_app_repository.go:101.24,103.3 1 0
github.com/aws-payment-gateway/internal/auth/tests/mocks/mock_app_repository.go:105.2,106.37 2 0
github.com/aws-payment-gateway/internal/auth/tests/mocks/mock_app_repository.go:106.37,108.3 1 0
github.com/aws-payment-gateway/internal/auth/tests/mocks/mock_app_repository.go:111.2,111.29 1 0
github.com/aws-payment-gateway/internal/auth/tests/mocks/mock_app_repository.go:111.29,113.3 1 0
github.com/aws-payment-gateway/internal/auth/tests/mocks/mock_app_repository.go:115.2,116.25 2 0
github.com/aws-payment-gateway/internal/auth/tests/mocks/mock_app_repository.go:116.25,118.3 1 0
github.com/aws-payment-gateway/internal/auth/tests/mocks/mock_app_repository.go:120.2,120.34 1 0
github.com/aws-payment-gateway/internal/auth/tests/mocks/mock_app_repository.go:126.55,128.2 1 0
github.com/aws-payment-gateway/internal/auth/tests/mocks/mock_app_repository.go:131.52,133.2 1 0
github.com/aws-payment-gateway/internal/auth/tests/mocks/mock_app_repository.go:136.55,138.2 1 0
github.com/aws-payment-gateway/internal/auth/tests/mocks/mock_app_repository.go:141.55,143.2 1 0
github.com/aws-payment-gateway/internal/auth/tests/mocks/mock_app_repository.go:146.53,148.2 1 0
github.com/aws-payment-gateway/internal/auth/tests/mocks/mock_app_repository.go:151.65,154.2 2 0
github.com/aws-payment-gateway/internal/auth/tests/mocks/mock_app_repository.go:157.37,165.2 7 0
github.com/aws-payment-gateway/internal/auth/tests/mocks/mock_app_repository.go:168.41,170.2 1 0
github.com/aws-payment-gateway/internal/auth/tests/utils/test_helpers.go:16.48,20.2 3 0
github.com/aws-payment-gateway/internal/auth/tests/utils/test_helpers.go:23.46,25.2 1 1
github.com/aws-payment-gateway/internal/auth/tests/utils/test_helpers.go:28.44,30.2 1 0
github.com/aws-payment-gateway/internal/auth/tests/utils/test_helpers.go:33.63,35.2 1 0
github.com/aws-payment-gateway/internal/auth/tests/utils/test_helpers.go:38.53,40.2 1 0
github.com/aws-payment-gateway/internal/auth/tests/utils/test_helpers.go:43.50,45.2 1 0
github.com/aws-payment-gateway/internal/auth/tests/utils/test_helpers.go:48.54,58.2 2 0
github.com/aws-payment-gateway/internal/auth/tests/utils/test_helpers.go:61.73,74.2 2 0
github.com/aws-payment-gateway/internal/auth/tests/utils/test_helpers.go:77.80,90.2 2 0
github.com/aws-payment-gateway/internal/auth/tests/utils/test_helpers.go:93.81,106.2 2 0
github.com/aws-payment-gateway/internal/auth/tests/utils/test_helpers.go:109.34,111.2 1 0
github.com/aws-payment-gateway/internal/auth/tests/utils/test_helpers.go:114.38,116.2 1 0
github.com/aws-payment-gateway/internal/auth/tests/utils/test_helpers.go:119.74,127.2 6 0
github.com/aws-payment-gateway/internal/auth/tests/utils/test_helpers.go:130.72,141.2 9 0
github.com/aws-payment-gateway/internal/auth/tests/utils/test_helpers.go:148.120,150.2 1 0
github.com/aws-payment-gateway/internal/auth/tests/utils/test_helpers.go:152.113,156.2 1 0
github.com/aws-payment-gateway/internal/auth/tests/utils/test_helpers.go:158.120,162.2 1 0
github.com/aws-payment-gateway/internal/auth/tests/utils/test_helpers.go:167.55,167.72 1 0
github.com/aws-payment-gateway/internal/auth/tests/utils/test_helpers.go:168.55,168.72 1 0
github.com/aws-payment-gateway/internal/auth/tests/utils/test_helpers.go:173.54,175.2 1 0
github.com/aws-payment-gateway/internal/auth/tests/utils/test_helpers.go:180.55,180.69 1 0
github.com/aws-payment-gateway/internal/auth/tests/utils/test_helpers.go:181.55,181.81 1 0
github.com/aws-payment-gateway/internal/auth/tests/utils/test_helpers.go:182.55,182.71 1 0
github.com/aws-payment-gateway/internal/auth/tests/utils/test_helpers.go:183.55,183.69 1 0
github.com/aws-payment-gateway/internal/auth/tests/utils/test_helpers.go:184.55,184.69 1 0
github.com/aws-payment-gateway/internal/auth/tests/utils/test_helpers.go:16.48,20.2 3 0
github.com/aws-payment-gateway/internal/auth/tests/utils/test_helpers.go:23.46,25.2 1 0
github.com/aws-payment-gateway/internal/auth/tests/utils/test_helpers.go:28.44,30.2 1 0
github.com/aws-payment-gateway/internal/auth/tests/utils/test_helpers.go:33.63,35.2 1 1
github.com/aws-payment-gateway/internal/auth/tests/utils/test_helpers.go:38.53,40.2 1 1
github.com/aws-payment-gateway/internal/auth/tests/utils/test_helpers.go:43.50,45.2 1 0
github.com/aws-payment-gateway/internal/auth/tests/utils/test_helpers.go:48.54,58.2 2 1
github.com/aws-payment-gateway/internal/auth/tests/utils/test_helpers.go:61.73,74.2 2 1
github.com/aws-payment-gateway/internal/auth/tests/utils/test_helpers.go:77.80,90.2 2 0
github.com/aws-payment-gateway/internal/auth/tests/utils/test_helpers.go:93.81,106.2 2 0
github.com/aws-payment-gateway/internal/auth/tests/utils/test_helpers.go:109.34,111.2 1 1
github.com/aws-payment-gateway/internal/auth/tests/utils/test_helpers.go:114.38,116.2 1 0
github.com/aws-payment-gateway/internal/auth/tests/utils/test_helpers.go:119.74,127.2 6 1
github.com/aws-payment-gateway/internal/auth/tests/utils/test_helpers.go:130.72,141.2 9 1
github.com/aws-payment-gateway/internal/auth/tests/utils/test_helpers.go:148.120,150.2 1 0
github.com/aws-payment-gateway/internal/auth/tests/utils/test_helpers.go:152.113,156.2 1 0
github.com/aws-payment-gateway/internal/auth/tests/utils/test_helpers.go:158.120,162.2 1 0
github.com/aws-payment-gateway/internal/auth/tests/utils/test_helpers.go:167.55,167.72 1 0
github.com/aws-payment-gateway/internal/auth/tests/utils/test_helpers.go:168.55,168.72 1 0
github.com/aws-payment-gateway/internal/auth/tests/utils/test_helpers.go:173.54,175.2 1 0
github.com/aws-payment-gateway/internal/auth/tests/utils/test_helpers.go:180.55,180.69 1 0
github.com/aws-payment-gateway/internal/auth/tests/utils/test_helpers.go:181.55,181.81 1 0
github.com/aws-payment-gateway/internal/auth/tests/utils/test_helpers.go:182.55,182.71 1 0
github.com/aws-payment-gateway/internal/auth/tests/utils/test_helpers.go:183.55,183.69 1 0
github.com/aws-payment-gateway/internal/auth/tests/utils/test_helpers.go:184.55,184.69 1 0
github.com/aws-payment-gateway/internal/auth/tests/mocks/mock_apikey_repository.go:29.54,35.2 1 1
github.com/aws-payment-gateway/internal/auth/tests/mocks/mock_apikey_repository.go:38.89,39.26 1 1
github.com/aws-payment-gateway/internal/auth/tests/mocks/mock_apikey_repository.go:39.26,41.3 1 0
github.com/aws-payment-gateway/internal/auth/tests/mocks/mock_apikey_repository.go:43.2,46.60 3 1
github.com/aws-payment-gateway/internal/auth/tests/mocks/mock_apikey_repository.go:46.60,48.3 1 1
github.com/aws-payment-gateway/internal/auth/tests/mocks/mock_apikey_repository.go:49.2,51.12 2 1
github.com/aws-payment-gateway/internal/auth/tests/mocks/mock_apikey_repository.go:55.99,56.23 1 1
github.com/aws-payment-gateway/internal/auth/tests/mocks/mock_apikey_repository.go:56.23,58.3 1 0
github.com/aws-payment-gateway/internal/auth/tests/mocks/mock_apikey_repository.go:60.2,61.13 2 1
github.com/aws-payment-gateway/internal/auth/tests/mocks/mock_apikey_repository.go:61.13,63.3 1 1
github.com/aws-payment-gateway/internal/auth/tests/mocks/mock_apikey_repository.go:64.2,64.20 1 1
github.com/aws-payment-gateway/internal/auth/tests/mocks/mock_apikey_repository.go:68.106,69.23 1 1
github.com/aws-payment-gateway/internal/auth/tests/mocks/mock_apikey_repository.go:69.23,71.3 1 0
github.com/aws-payment-gateway/internal/auth/tests/mocks/mock_apikey_repository.go:73.2,74.13 2 1
github.com/aws-payment-gateway/internal/auth/tests/mocks/mock_apikey_repository.go:74.13,76.3 1 1
github.com/aws-payment-gateway/internal/auth/tests/mocks/mock_apikey_repository.go:77.2,77.20 1 1
github.com/aws-payment-gateway/internal/auth/tests/mocks/mock_apikey_repository.go:81.115,82.23 1 1
github.com/aws-payment-gateway/internal/auth/tests/mocks/mock_apikey_repository.go:82.23,84.3 1 0
github.com/aws-payment-gateway/internal/auth/tests/mocks/mock_apikey_repository.go:86.2,87.13 2 1
github.com/aws-payment-gateway/internal/auth/tests/mocks/mock_apikey_repository.go:87.13,89.3 1 0
github.com/aws-payment-gateway/internal/auth/tests/mocks/mock_apikey_repository.go:90.2,90.21 1 1
github.com/aws-payment-gateway/internal/auth/tests/mocks/mock_apikey_repository.go:94.106,95.28 1 1
github.com/aws-payment-gateway/internal/auth/tests/mocks/mock_apikey_repository.go:95.28,97.3 1 0
github.com/aws-payment-gateway/internal/auth/tests/mocks/mock_apikey_repository.go:101.2,101.55 1 1
github.com/aws-payment-gateway/internal/auth/tests/mocks/mock_apikey_repository.go:101.55,104.49 2 0
github.com/aws-payment-gateway/internal/auth/tests/mocks/mock_apikey_repository.go:104.49,105.47 1 0
github.com/aws-payment-gateway/internal/auth/tests/mocks/mock_apikey_repository.go:105.47,107.5 1 0
github.com/aws-payment-gateway/internal/auth/tests/mocks/mock_apikey_repository.go:112.2,117.13 4 1
github.com/aws-payment-gateway/internal/auth/tests/mocks/mock_apikey_repository.go:117.13,119.3 1 1
github.com/aws-payment-gateway/internal/auth/tests/mocks/mock_apikey_repository.go:120.2,120.20 1 0
github.com/aws-payment-gateway/internal/auth/tests/mocks/mock_apikey_repository.go:124.89,125.26 1 0
github.com/aws-payment-gateway/internal/auth/tests/mocks/mock_apikey_repository.go:125.26,127.3 1 0
github.com/aws-payment-gateway/internal/auth/tests/mocks/mock_apikey_repository.go:129.2,129.48 1 0
github.com/aws-payment-gateway/internal/auth/tests/mocks/mock_apikey_repository.go:129.48,131.3 1 0
github.com/aws-payment-gateway/internal/auth/tests/mocks/mock_apikey_repository.go:133.2,137.63 3 0
github.com/aws-payment-gateway/internal/auth/tests/mocks/mock_apikey_repository.go:137.63,138.34 1 0
github.com/aws-payment-gateway/internal/auth/tests/mocks/mock_apikey_repository.go:138.34,140.9 2 0
github.com/aws-payment-gateway/internal/auth/tests/mocks/mock_apikey_repository.go:144.2,144.12 1 0
github.com/aws-payment-gateway/internal/auth/tests/mocks/mock_apikey_repository.go:148.80,149.26 1 0
github.com/aws-payment-gateway/internal/auth/tests/mocks/mock_apikey_repository.go:149.26,151.3 1 0
github.com/aws-payment-gateway/internal/auth/tests/mocks/mock_apikey_repository.go:153.2,154.13 2 0
github.com/aws-payment-gateway/internal/auth/tests/mocks/mock_apikey_repository.go:154.13,156.3 1 0
github.com/aws-payment-gateway/internal/auth/tests/mocks/mock_apikey_repository.go:158.2,162.12 4 0
github.com/aws-payment-gateway/internal/auth/tests/mocks/mock_apikey_repository.go:166.80,167.26 1 1
github.com/aws-payment-gateway/internal/auth/tests/mocks/mock_apikey_repository.go:167.26,169.3 1 0
github.com/aws-payment-gateway/internal/auth/tests/mocks/mock_apikey_repository.go:171.2,172.13 2 1
github.com/aws-payment-gateway/internal/auth/tests/mocks/mock_apikey_repository.go:172.13,174.3 1 0
github.com/aws-payment-gateway/internal/auth/tests/mocks/mock_apikey_repository.go:176.2,180.12 4 1
github.com/aws-payment-gateway/internal/auth/tests/mocks/mock_apikey_repository.go:184.124,185.24 1 1
github.com/aws-payment-gateway/internal/auth/tests/mocks/mock_apikey_repository.go:185.24,187.3 1 0
github.com/aws-payment-gateway/internal/auth/tests/mocks/mock_apikey_repository.go:189.2,190.13 2 1
github.com/aws-payment-gateway/internal/auth/tests/mocks/mock_apikey_repository.go:190.13,192.3 1 0
github.com/aws-payment-gateway/internal/auth/tests/mocks/mock_apikey_repository.go:195.2,195.28 1 1
github.com/aws-payment-gateway/internal/auth/tests/mocks/mock_apikey_repository.go:195.28,197.3 1 0
github.com/aws-payment-gateway/internal/auth/tests/mocks/mock_apikey_repository.go:199.2,200.24 2 1
github.com/aws-payment-gateway/internal/auth/tests/mocks/mock_apikey_repository.go:200.24,202.3 1 1
github.com/aws-payment-gateway/internal/auth/tests/mocks/mock_apikey_repository.go:204.2,204.33 1 1
github.com/aws-payment-gateway/internal/auth/tests/mocks/mock_apikey_repository.go:210.58,212.2 1 0
github.com/aws-payment-gateway/internal/auth/tests/mocks/mock_apikey_repository.go:215.55,217.2 1 0
github.com/aws-payment-gateway/internal/auth/tests/mocks/mock_apikey_repository.go:220.58,222.2 1 0
github.com/aws-payment-gateway/internal/auth/tests/mocks/mock_apikey_repository.go:225.58,227.2 1 0
github.com/aws-payment-gateway/internal/auth/tests/mocks/mock_apikey_repository.go:230.58,232.2 1 0
github.com/aws-payment-gateway/internal/auth/tests/mocks/mock_apikey_repository.go:235.56,237.2 1 0
github.com/aws-payment-gateway/internal/auth/tests/mocks/mock_apikey_repository.go:240.60,242.2 1 0
github.com/aws-payment-gateway/internal/auth/tests/mocks/mock_apikey_repository.go:245.65,249.60 3 1
github.com/aws-payment-gateway/internal/auth/tests/mocks/mock_apikey_repository.go:249.60,251.3 1 1
github.com/aws-payment-gateway/internal/auth/tests/mocks/mock_apikey_repository.go:252.2,252.85 1 1
github.com/aws-payment-gateway/internal/auth/tests/mocks/mock_apikey_repository.go:256.40,267.2 10 0
github.com/aws-payment-gateway/internal/auth/tests/mocks/mock_apikey_repository.go:270.44,272.2 1 0
github.com/aws-payment-gateway/internal/auth/tests/mocks/mock_apikey_repository.go:275.74,276.58 1 0
github.com/aws-payment-gateway/internal/auth/tests/mocks/mock_apikey_repository.go:276.58,278.3 1 0
github.com/aws-payment-gateway/internal/auth/tests/mocks/mock_apikey_repository.go:279.2,279.10 1 0
github.com/aws-payment-gateway/internal/auth/tests/mocks/mock_app_repository.go:24.48,29.2 1 1
github.com/aws-payment-gateway/internal/auth/tests/mocks/mock_app_repository.go:32.88,33.26 1 1
github.com/aws-payment-gateway/internal/auth/tests/mocks/mock_app_repository.go:33.26,35.3 1 0
github.com/aws-payment-gateway/internal/auth/tests/mocks/mock_app_repository.go:37.2,39.12 3 1
github.com/aws-payment-gateway/internal/auth/tests/mocks/mock_app_repository.go:43.97,44.23 1 1
github.com/aws-payment-gateway/internal/auth/tests/mocks/mock_app_repository.go:44.23,46.3 1 0
github.com/aws-payment-gateway/internal/auth/tests/mocks/mock_app_repository.go:48.2,49.13 2 1
github.com/aws-payment-gateway/internal/auth/tests/mocks/mock_app_repository.go:49.13,51.3 1 1
github.com/aws-payment-gateway/internal/auth/tests/mocks/mock_app_repository.go:52.2,52.21 1 1
github.com/aws-payment-gateway/internal/auth/tests/mocks/mock_app_repository.go:56.98,57.23 1 1
github.com/aws-payment-gateway/internal/auth/tests/mocks/mock_app_repository.go:57.23,59.3 1 0
github.com/aws-payment-gateway/internal/auth/tests/mocks/mock_app_repository.go:61.2,62.13 2 1
github.com/aws-payment-gateway/internal/auth/tests/mocks/mock_app_repository.go:62.13,64.3 1 1
github.com/aws-payment-gateway/internal/auth/tests/mocks/mock_app_repository.go:65.2,65.21 1 1
github.com/aws-payment-gateway/internal/auth/tests/mocks/mock_app_repository.go:69.88,70.26 1 0
github.com/aws-payment-gateway/internal/auth/tests/mocks/mock_app_repository.go:70.26,72.3 1 0
github.com/aws-payment-gateway/internal/auth/tests/mocks/mock_app_repository.go:74.2,74.50 1 0
github.com/aws-payment-gateway/internal/auth/tests/mocks/mock_app_repository.go:74.50,76.3 1 0
github.com/aws-payment-gateway/internal/auth/tests/mocks/mock_app_repository.go:78.2,80.12 3 0
github.com/aws-payment-gateway/internal/auth/tests/mocks/mock_app_repository.go:84.77,85.26 1 0
github.com/aws-payment-gateway/internal/auth/tests/mocks/mock_app_repository.go:85.26,87.3 1 0
github.com/aws-payment-gateway/internal/auth/tests/mocks/mock_app_repository.go:89.2,90.13 2 0
github.com/aws-payment-gateway/internal/auth/tests/mocks/mock_app_repository.go:90.13,92.3 1 0
github.com/aws-payment-gateway/internal/auth/tests/mocks/mock_app_repository.go:94.2,96.12 3 0
github.com/aws-payment-gateway/internal/auth/tests/mocks/mock_app_repository.go:100.101,101.24 1 0
github.com/aws-payment-gateway/internal/auth/tests/mocks/mock_app_repository.go:101.24,103.3 1 0
github.com/aws-payment-gateway/internal/auth/tests/mocks/mock_app_repository.go:105.2,106.37 2 0
github.com/aws-payment-gateway/internal/auth/tests/mocks/mock_app_repository.go:106.37,108.3 1 0
github.com/aws-payment-gateway/internal/auth/tests/mocks/mock_app_repository.go:111.2,111.29 1 0
github.com/aws-payment-gateway/internal/auth/tests/mocks/mock_app_repository.go:111.29,113.3 1 0
github.com/aws-payment-gateway/internal/auth/tests/mocks/mock_app_repository.go:115.2,116.25 2 0
github.com/aws-payment-gateway/internal/auth/tests/mocks/mock_app_repository.go:116.25,118.3 1 0
github.com/aws-payment-gateway/internal/auth/tests/mocks/mock_app_repository.go:120.2,120.34 1 0
github.com/aws-payment-gateway/internal/auth/tests/mocks/mock_app_repository.go:126.55,128.2 1 0
github.com/aws-payment-gateway/internal/auth/tests/mocks/mock_app_repository.go:131.52,133.2 1 0
github.com/aws-payment-gateway/internal/auth/tests/mocks/mock_app_repository.go:136.55,138.2 1 0
github.com/aws-payment-gateway/internal/auth/tests/mocks/mock_app_repository.go:141.55,143.2 1 0
github.com/aws-payment-gateway/internal/auth/tests/mocks/mock_app_repository.go:146.53,148.2 1 0
github.com/aws-payment-gateway/internal/auth/tests/mocks/mock_app_repository.go:151.65,154.2 2 1
github.com/aws-payment-gateway/internal/auth/tests/mocks/mock_app_repository.go:157.37,165.2 7 0
github.com/aws-payment-gateway/internal/auth/tests/mocks/mock_app_repository.go:168.41,170.2 1 0
github.com/aws-payment-gateway/internal/auth/tests/utils/test_helpers.go:16.48,20.2 3 0
github.com/aws-payment-gateway/internal/auth/tests/utils/test_helpers.go:23.46,25.2 1 1
github.com/aws-payment-gateway/internal/auth/tests/utils/test_helpers.go:28.44,30.2 1 0
github.com/aws-payment-gateway/internal/auth/tests/utils/test_helpers.go:33.63,35.2 1 1
github.com/aws-payment-gateway/internal/auth/tests/utils/test_helpers.go:38.53,40.2 1 1
github.com/aws-payment-gateway/internal/auth/tests/utils/test_helpers.go:43.50,45.2 1 1
github.com/aws-payment-gateway/internal/auth/tests/utils/test_helpers.go:48.54,58.2 2 1
github.com/aws-payment-gateway/internal/auth/tests/utils/test_helpers.go:61.73,74.2 2 1
github.com/aws-payment-gateway/internal/auth/tests/utils/test_helpers.go:77.80,90.2 2 0
github.com/aws-payment-gateway/internal/auth/tests/utils/test_helpers.go:93.81,106.2 2 0
github.com/aws-payment-gateway/internal/auth/tests/utils/test_helpers.go:109.34,111.2 1 1
github.com/aws-payment-gateway/internal/auth/tests/utils/test_helpers.go:114.38,116.2 1 0
github.com/aws-payment-gateway/internal/auth/tests/utils/test_helpers.go:119.74,127.2 6 0
github.com/aws-payment-gateway/internal/auth/tests/utils/test_helpers.go:130.72,141.2 9 0
github.com/aws-payment-gateway/internal/auth/tests/utils/test_helpers.go:148.120,150.2 1 0
github.com/aws-payment-gateway/internal/auth/tests/utils/test_helpers.go:152.113,156.2 1 0
github.com/aws-payment-gateway/internal/auth/tests/utils/test_helpers.go:158.120,162.2 1 0
github.com/aws-payment-gateway/internal/auth/tests/utils/test_helpers.go:167.55,167.72 1 0
github.com/aws-payment-gateway/internal/auth/tests/utils/test_helpers.go:168.55,168.72 1 0
github.com/aws-payment-gateway/internal/auth/tests/utils/test_helpers.go:173.54,175.2 1 0
github.com/aws-payment-gateway/internal/auth/tests/utils/test_helpers.go:180.55,180.69 1 0
github.com/aws-payment-gateway/internal/auth/tests/utils/test_helpers.go:181.55,181.81 1 0
github.com/aws-payment-gateway/internal/auth/tests/utils/test_helpers.go:182.55,182.71 1 0
github.com/aws-payment-gateway/internal/auth/tests/utils/test_helpers.go:183.55,183.69 1 0
github.com/aws-payment-gateway/internal/auth/tests/utils/test_helpers.go:184.55,184.69 1 0
github.com/aws-payment-gateway/internal/auth/tests/utils/test_helpers.go:16.48,20.2 3 0
github.com/aws-payment-gateway/internal/auth/tests/utils/test_helpers.go:23.46,25.2 1 0
github.com/aws-payment-gateway/internal/auth/tests/utils/test_helpers.go:28.44,30.2 1 0
github.com/aws-payment-gateway/internal/auth/tests/utils/test_helpers.go:33.63,35.2 1 1
github.com/aws-payment-gateway/internal/auth/tests/utils/test_helpers.go:38.53,40.2 1 1
github.com/aws-payment-gateway/internal/auth/tests/utils/test_helpers.go:43.50,45.2 1 1
github.com/aws-payment-gateway/internal/auth/tests/utils/test_helpers.go:48.54,58.2 2 1
github.com/aws-payment-gateway/internal/auth/tests/utils/test_helpers.go:61.73,74.2 2 1
github.com/aws-payment-gateway/internal/auth/tests/utils/test_helpers.go:77.80,90.2 2 1
github.com/aws-payment-gateway/internal/auth/tests/utils/test_helpers.go:93.81,106.2 2 1
github.com/aws-payment-gateway/internal/auth/tests/utils/test_helpers.go:109.34,111.2 1 1
github.com/aws-payment-gateway/internal/auth/tests/utils/test_helpers.go:114.38,116.2 1 0
github.com/aws-payment-gateway/internal/auth/tests/utils/test_helpers.go:119.74,127.2 6 1
github.com/aws-payment-gateway/internal/auth/tests/utils/test_helpers.go:130.72,141.2 9 1
github.com/aws-payment-gateway/internal/auth/tests/utils/test_helpers.go:148.120,150.2 1 0
github.com/aws-payment-gateway/internal/auth/tests/utils/test_helpers.go:152.113,156.2 1 0
github.com/aws-payment-gateway/internal/auth/tests/utils/test_helpers.go:158.120,162.2 1 0
github.com/aws-payment-gateway/internal/auth/tests/utils/test_helpers.go:167.55,167.72 1 0
github.com/aws-payment-gateway/internal/auth/tests/utils/test_helpers.go:168.55,168.72 1 0
github.com/aws-payment-gateway/internal/auth/tests/utils/test_helpers.go:173.54,175.2 1 0
github.com/aws-payment-gateway/internal/auth/tests/utils/test_helpers.go:180.55,180.69 1 0
github.com/aws-payment-gateway/internal/auth/tests/utils/test_helpers.go:181.55,181.81 1 0
github.com/aws-payment-gateway/internal/auth/tests/utils/test_helpers.go:182.55,182.71 1 0
github.com/aws-payment-gateway/internal/auth/tests/utils/test_helpers.go:183.55,183.69 1 0
github.com/aws-payment-gateway/internal/auth/tests/utils/test_helpers.go:184.55,184.69 1 0
github.com/aws-payment-gateway/internal/auth/tests/mocks/mock_apikey_repository.go:29.54,35.2 1 1
github.com/aws-payment-gateway/internal/auth/tests/mocks/mock_apikey_repository.go:38.89,39.26 1 1
github.com/aws-payment-gateway/internal/auth/tests/mocks/mock_apikey_repository.go:39.26,41.3 1 1
github.com/aws-payment-gateway/internal/auth/tests/mocks/mock_apikey_repository.go:43.2,46.60 3 1
github.com/aws-payment-gateway/internal/auth/tests/mocks/mock_apikey_repository.go:46.60,48.3 1 1
github.com/aws-payment-gateway/internal/auth/tests/mocks/mock_apikey_repository.go:49.2,51.12 2 1
github.com/aws-payment-gateway/internal/auth/tests/mocks/mock_apikey_repository.go:55.99,56.23 1 1
github.com/aws-payment-gateway/internal/auth/tests/mocks/mock_apikey_repository.go:56.23,58.3 1 1
github.com/aws-payment-gateway/internal/auth/tests/mocks/mock_apikey_repository.go:60.2,61.13 2 1
github.com/aws-payment-gateway/internal/auth/tests/mocks/mock_apikey_repository.go:61.13,63.3 1 1
github.com/aws-payment-gateway/internal/auth/tests/mocks/mock_apikey_repository.go:64.2,64.20 1 1
github.com/aws-payment-gateway/internal/auth/tests/mocks/mock_apikey_repository.go:68.106,69.23 1 1
github.com/aws-payment-gateway/internal/auth/tests/mocks/mock_apikey_repository.go:69.23,71.3 1 1
github.com/aws-payment-gateway/internal/auth/tests/mocks/mock_apikey_repository.go:73.2,74.13 2 1
github.com/aws-payment-gateway/internal/auth/tests/mocks/mock_apikey_repository.go:74.13,76.3 1 1
github.com/aws-payment-gateway/internal/auth/tests/mocks/mock_apikey_repository.go:77.2,77.20 1 1
github.com/aws-payment-gateway/internal/auth/tests/mocks/mock_apikey_repository.go:81.115,82.23 1 1
github.com/aws-payment-gateway/internal/auth/tests/mocks/mock_apikey_repository.go:82.23,84.3 1 1
github.com/aws-payment-gateway/internal/auth/tests/mocks/mock_apikey_repository.go:86.2,87.13 2 1
github.com/aws-payment-gateway/internal/auth/tests/mocks/mock_apikey_repository.go:87.13,89.3 1 1
github.com/aws-payment-gateway/internal/auth/tests/mocks/mock_apikey_repository.go:90.2,90.21 1 1
github.com/aws-payment-gateway/internal/auth/tests/mocks/mock_apikey_repository.go:94.106,95.28 1 0
github.com/aws-payment-gateway/internal/auth/tests/mocks/mock_apikey_repository.go:95.28,97.3 1 0
github.com/aws-payment-gateway/internal/auth/tests/mocks/mock_apikey_repository.go:101.2,101.55 1 0
github.com/aws-payment-gateway/internal/auth/tests/mocks/mock_apikey_repository.go:101.55,104.49 2 0
github.com/aws-payment-gateway/internal/auth/tests/mocks/mock_apikey_repository.go:104.49,105.47 1 0
github.com/aws-payment-gateway/internal/auth/tests/mocks/mock_apikey_repository.go:105.47,107.5 1 0
github.com/aws-payment-gateway/internal/auth/tests/mocks/mock_apikey_repository.go:112.2,117.13 4 0
github.com/aws-payment-gateway/internal/auth/tests/mocks/mock_apikey_repository.go:117.13,119.3 1 0
github.com/aws-payment-gateway/internal/auth/tests/mocks/mock_apikey_repository.go:120.2,120.20 1 0
github.com/aws-payment-gateway/internal/auth/tests/mocks/mock_apikey_repository.go:124.89,125.26 1 0
github.com/aws-payment-gateway/internal/auth/tests/mocks/mock_apikey_repository.go:125.26,127.3 1 0
github.com/aws-payment-gateway/internal/auth/tests/mocks/mock_apikey_repository.go:129.2,129.48 1 0
github.com/aws-payment-gateway/internal/auth/tests/mocks/mock_apikey_repository.go:129.48,131.3 1 0
github.com/aws-payment-gateway/internal/auth/tests/mocks/mock_apikey_repository.go:133.2,137.63 3 0
github.com/aws-payment-gateway/internal/auth/tests/mocks/mock_apikey_repository.go:137.63,138.34 1 0
github.com/aws-payment-gateway/internal/auth/tests/mocks/mock_apikey_repository.go:138.34,140.9 2 0
github.com/aws-payment-gateway/internal/auth/tests/mocks/mock_apikey_repository.go:144.2,144.12 1 0
github.com/aws-payment-gateway/internal/auth/tests/mocks/mock_apikey_repository.go:148.80,149.26 1 0
github.com/aws-payment-gateway/internal/auth/tests/mocks/mock_apikey_repository.go:149.26,151.3 1 0
github.com/aws-payment-gateway/internal/auth/tests/mocks/mock_apikey_repository.go:153.2,154.13 2 0
github.com/aws-payment-gateway/internal/auth/tests/mocks/mock_apikey_repository.go:154.13,156.3 1 0
github.com/aws-payment-gateway/internal/auth/tests/mocks/mock_apikey_repository.go:158.2,162.12 4 0
github.com/aws-payment-gateway/internal/auth/tests/mocks/mock_apikey_repository.go:166.80,167.26 1 1
github.com/aws-payment-gateway/internal/auth/tests/mocks/mock_apikey_repository.go:167.26,169.3 1 1
github.com/aws-payment-gateway/internal/auth/tests/mocks/mock_apikey_repository.go:171.2,172.13 2 1
github.com/aws-payment-gateway/internal/auth/tests/mocks/mock_apikey_repository.go:172.13,174.3 1 0
github.com/aws-payment-gateway/internal/auth/tests/mocks/mock_apikey_repository.go:176.2,180.12 4 1
github.com/aws-payment-gateway/internal/auth/tests/mocks/mock_apikey_repository.go:184.124,185.24 1 1
github.com/aws-payment-gateway/internal/auth/tests/mocks/mock_apikey_repository.go:185.24,187.3 1 1
github.com/aws-payment-gateway/internal/auth/tests/mocks/mock_apikey_repository.go:189.2,190.13 2 1
github.com/aws-payment-gateway/internal/auth/tests/mocks/mock_apikey_repository.go:190.13,192.3 1 1
github.com/aws-payment-gateway/internal/auth/tests/mocks/mock_apikey_repository.go:195.2,195.28 1 1
github.com/aws-payment-gateway/internal/auth/tests/mocks/mock_apikey_repository.go:195.28,197.3 1 0
github.com/aws-payment-gateway/internal/auth/tests/mocks/mock_apikey_repository.go:199.2,200.24 2 1
github.com/aws-payment-gateway/internal/auth/tests/mocks/mock_apikey_repository.go:200.24,202.3 1 1
github.com/aws-payment-gateway/internal/auth/tests/mocks/mock_apikey_repository.go:204.2,204.33 1 1
github.com/aws-payment-gateway/internal/auth/tests/mocks/mock_apikey_repository.go:210.58,212.2 1 1
github.com/aws-payment-gateway/internal/auth/tests/mocks/mock_apikey_repository.go:215.55,217.2 1 1
github.com/aws-payment-gateway/internal/auth/tests/mocks/mock_apikey_repository.go:220.58,222.2 1 0
github.com/aws-payment-gateway/internal/auth/tests/mocks/mock_apikey_repository.go:225.58,227.2 1 0
github.com/aws-payment-gateway/internal/auth/tests/mocks/mock_apikey_repository.go:230.58,232.2 1 1
github.com/aws-payment-gateway/internal/auth/tests/mocks/mock_apikey_repository.go:235.56,237.2 1 1
github.com/aws-payment-gateway/internal/auth/tests/mocks/mock_apikey_repository.go:240.60,242.2 1 0
github.com/aws-payment-gateway/internal/auth/tests/mocks/mock_apikey_repository.go:245.65,249.60 3 1
github.com/aws-payment-gateway/internal/auth/tests/mocks/mock_apikey_repository.go:249.60,251.3 1 1
github.com/aws-payment-gateway/internal/auth/tests/mocks/mock_apikey_repository.go:252.2,252.85 1 1
github.com/aws-payment-gateway/internal/auth/tests/mocks/mock_apikey_repository.go:256.40,267.2 10 0
github.com/aws-payment-gateway/internal/auth/tests/mocks/mock_apikey_repository.go:270.44,272.2 1 0
github.com/aws-payment-gateway/internal/auth/tests/mocks/mock_apikey_repository.go:275.74,276.58 1 0
github.com/aws-payment-gateway/internal/auth/tests/mocks/mock_apikey_repository.go:276.58,278.3 1 0
github.com/aws-payment-gateway/internal/auth/tests/mocks/mock_apikey_repository.go:279.2,279.10 1 0
github.com/aws-payment-gateway/internal/auth/tests/mocks/mock_app_repository.go:24.48,29.2 1 1
github.com/aws-payment-gateway/internal/auth/tests/mocks/mock_app_repository.go:32.88,33.26 1 1
github.com/aws-payment-gateway/internal/auth/tests/mocks/mock_app_repository.go:33.26,35.3 1 1
github.com/aws-payment-gateway/internal/auth/tests/mocks/mock_app_repository.go:37.2,39.12 3 1
github.com/aws-payment-gateway/internal/auth/tests/mocks/mock_app_repository.go:43.97,44.23 1 1
github.com/aws-payment-gateway/internal/auth/tests/mocks/mock_app_repository.go:44.23,46.3 1 1
github.com/aws-payment-gateway/internal/auth/tests/mocks/mock_app_repository.go:48.2,49.13 2 1
github.com/aws-payment-gateway/internal/auth/tests/mocks/mock_app_repository.go:49.13,51.3 1 1
github.com/aws-payment-gateway/internal/auth/tests/mocks/mock_app_repository.go:52.2,52.21 1 1
github.com/aws-payment-gateway/internal/auth/tests/mocks/mock_app_repository.go:56.98,57.23 1 1
github.com/aws-payment-gateway/internal/auth/tests/mocks/mock_app_repository.go:57.23,59.3 1 1
github.com/aws-payment-gateway/internal/auth/tests/mocks/mock_app_repository.go:61.2,62.13 2 1
github.com/aws-payment-gateway/internal/auth/tests/mocks/mock_app_repository.go:62.13,64.3 1 1
github.com/aws-payment-gateway/internal/auth/tests/mocks/mock_app_repository.go:65.2,65.21 1 1
github.com/aws-payment-gateway/internal/auth/tests/mocks/mock_app_repository.go:69.88,70.26 1 0
github.com/aws-payment-gateway/internal/auth/tests/mocks/mock_app_repository.go:70.26,72.3 1 0
github.com/aws-payment-gateway/internal/auth/tests/mocks/mock_app_repository.go:74.2,74.50 1 0
github.com/aws-payment-gateway/internal/auth/tests/mocks/mock_app_repository.go:74.50,76.3 1 0
github.com/aws-payment-gateway/internal/auth/tests/mocks/mock_app_repository.go:78.2,80.12 3 0
github.com/aws-payment-gateway/internal/auth/tests/mocks/mock_app_repository.go:84.77,85.26 1 0
github.com/aws-payment-gateway/internal/auth/tests/mocks/mock_app_repository.go:85.26,87.3 1 0
github.com/aws-payment-gateway/internal/auth/tests/mocks/mock_app_repository.go:89.2,90.13 2 0
github.com/aws-payment-gateway/internal/auth/tests/mocks/mock_app_repository.go:90.13,92.3 1 0
github.com/aws-payment-gateway/internal/auth/tests/mocks/mock_app_repository.go:94.2,96.12 3 0
github.com/aws-payment-gateway/internal/auth/tests/mocks/mock_app_repository.go:100.101,101.24 1 0
github.com/aws-payment-gateway/internal/auth/tests/mocks/mock_app_repository.go:101.24,103.3 1 0
github.com/aws-payment-gateway/internal/auth/tests/mocks/mock_app_repository.go:105.2,106.37 2 0
github.com/aws-payment-gateway/internal/auth/tests/mocks/mock_app_repository.go:106.37,108.3 1 0
github.com/aws-payment-gateway/internal/auth/tests/mocks/mock_app_repository.go:111.2,111.29 1 0
github.com/aws-payment-gateway/internal/auth/tests/mocks/mock_app_repository.go:111.29,113.3 1 0
github.com/aws-payment-gateway/internal/auth/tests/mocks/mock_app_repository.go:115.2,116.25 2 0
github.com/aws-payment-gateway/internal/auth/tests/mocks/mock_app_repository.go:116.25,118.3 1 0
github.com/aws-payment-gateway/internal/auth/tests/mocks/mock_app_repository.go:120.2,120.34 1 0
github.com/aws-payment-gateway/internal/auth/tests/mocks/mock_app_repository.go:126.55,128.2 1 1
github.com/aws-payment-gateway/internal/auth/tests/mocks/mock_app_repository.go:131.52,133.2 1 1
github.com/aws-payment-gateway/internal/auth/tests/mocks/mock_app_repository.go:136.55,138.2 1 0
github.com/aws-payment-gateway/internal/auth/tests/mocks/mock_app_repository.go:141.55,143.2 1 0
github.com/aws-payment-gateway/internal/auth/tests/mocks/mock_app_repository.go:146.53,148.2 1 0
github.com/aws-payment-gateway/internal/auth/tests/mocks/mock_app_repository.go:151.65,154.2 2 1
github.com/aws-payment-gateway/internal/auth/tests/mocks/mock_app_repository.go:157.37,165.2 7 0
github.com/aws-payment-gateway/internal/auth/tests/mocks/mock_app_repository.go:168.41,170.2 1 0
github.com/aws-payment-gateway/internal/auth/tests/utils/test_helpers.go:16.48,20.2 3 1
github.com/aws-payment-gateway/internal/auth/tests/utils/test_helpers.go:23.46,25.2 1 1
github.com/aws-payment-gateway/internal/auth/tests/utils/test_helpers.go:28.44,30.2 1 1
github.com/aws-payment-gateway/internal/auth/tests/utils/test_helpers.go:33.63,35.2 1 1
github.com/aws-payment-gateway/internal/auth/tests/utils/test_helpers.go:38.53,40.2 1 1
github.com/aws-payment-gateway/internal/auth/tests/utils/test_helpers.go:43.50,45.2 1 1
github.com/aws-payment-gateway/internal/auth/tests/utils/test_helpers.go:48.54,58.2 2 1
github.com/aws-payment-gateway/internal/auth/tests/utils/test_helpers.go:61.73,74.2 2 1
github.com/aws-payment-gateway/internal/auth/tests/utils/test_helpers.go:77.80,90.2 2 1
github.com/aws-payment-gateway/internal/auth/tests/utils/test_helpers.go:93.81,106.2 2 1
github.com/aws-payment-gateway/internal/auth/tests/utils/test_helpers.go:109.34,111.2 1 1
github.com/aws-payment-gateway/internal/auth/tests/utils/test_helpers.go:114.38,116.2 1 0
github.com/aws-payment-gateway/internal/auth/tests/utils/test_helpers.go:119.74,127.2 6 0
github.com/aws-payment-gateway/internal/auth/tests/utils/test_helpers.go:130.72,141.2 9 0
github.com/aws-payment-gateway/internal/auth/tests/utils/test_helpers.go:148.120,150.2 1 0
github.com/aws-payment-gateway/internal/auth/tests/utils/test_helpers.go:152.113,156.2 1 0
github.com/aws-payment-gateway/internal/auth/tests/utils/test_helpers.go:158.120,162.2 1 0
github.com/aws-payment-gateway/internal/auth/tests/utils/test_helpers.go:167.55,167.72 1 0
github.com/aws-payment-gateway/internal/auth/tests/utils/test_helpers.go:168.55,168.72 1 0
github.com/aws-payment-gateway/internal/auth/tests/utils/test_helpers.go:173.54,175.2 1 0
github.com/aws-payment-gateway/internal/auth/tests/utils/test_helpers.go:180.55,180.69 1 0
github.com/aws-payment-gateway/internal/auth/tests/utils/test_helpers.go:181.55,181.81 1 0
github.com/aws-payment-gateway/internal/auth/tests/utils/test_helpers.go:182.55,182.71 1 0
github.com/aws-payment-gateway/internal/auth/tests/utils/test_helpers.go:183.55,183.69 1 0
github.com/aws-payment-gateway/internal/auth/tests/utils/test_helpers.go:184.55,184.69 1 0
